0 info it worked if it ends with ok
1 verbose cli [ '/home/vladyslav/.nvm/versions/node/v6.17.1/bin/node',
1 verbose cli   '/home/vladyslav/.nvm/versions/node/v6.17.1/bin/npm',
1 verbose cli   'run',
1 verbose cli   'deploy' ]
2 info using npm@3.10.10
3 info using node@v6.17.1
4 verbose run-script [ 'predeploy', 'deploy', 'postdeploy' ]
5 info lifecycle diploma-back@1.0.0~predeploy: diploma-back@1.0.0
6 silly lifecycle diploma-back@1.0.0~predeploy: no script for predeploy, continuing
7 info lifecycle diploma-back@1.0.0~deploy: diploma-back@1.0.0
8 verbose lifecycle diploma-back@1.0.0~deploy: unsafe-perm in lifecycle true
9 verbose lifecycle diploma-back@1.0.0~deploy: PATH: /home/vladyslav/.nvm/versions/node/v6.17.1/lib/node_modules/npm/bin/node-gyp-bin:/home/vladyslav/diploma/project/diploma-back/node_modules/.bin:/home/vladyslav/.nvm/versions/node/v6.17.1/bin:/usr/local/sbin:/usr/local/bin:/usr/sbin:/usr/bin:/sbin:/bin:/usr/games:/usr/local/games:/snap/bin
10 verbose lifecycle diploma-back@1.0.0~deploy: CWD: /home/vladyslav/diploma/project/diploma-back
11 silly lifecycle diploma-back@1.0.0~deploy: Args: [ '-c', 'pm2 deploy ecosystem.config.js production' ]
12 silly lifecycle diploma-back@1.0.0~deploy: Returned: code: 1  signal: null
13 info lifecycle diploma-back@1.0.0~deploy: Failed to exec deploy script
14 verbose stack Error: diploma-back@1.0.0 deploy: `pm2 deploy ecosystem.config.js production`
14 verbose stack Exit status 1
14 verbose stack     at EventEmitter.<anonymous> (/home/vladyslav/.nvm/versions/node/v6.17.1/lib/node_modules/npm/lib/utils/lifecycle.js:255:16)
14 verbose stack     at emitTwo (events.js:106:13)
14 verbose stack     at EventEmitter.emit (events.js:191:7)
14 verbose stack     at ChildProcess.<anonymous> (/home/vladyslav/.nvm/versions/node/v6.17.1/lib/node_modules/npm/lib/utils/spawn.js:40:14)
14 verbose stack     at emitTwo (events.js:106:13)
14 verbose stack     at ChildProcess.emit (events.js:191:7)
14 verbose stack     at maybeClose (internal/child_process.js:920:16)
14 verbose stack     at Process.ChildProcess._handle.onexit (internal/child_process.js:230:5)
15 verbose pkgid diploma-back@1.0.0
16 verbose cwd /home/vladyslav/diploma/project/diploma-back
17 error Linux 4.15.0-51-generic
18 error argv "/home/vladyslav/.nvm/versions/node/v6.17.1/bin/node" "/home/vladyslav/.nvm/versions/node/v6.17.1/bin/npm" "run" "deploy"
19 error node v6.17.1
20 error npm  v3.10.10
21 error code ELIFECYCLE
22 error diploma-back@1.0.0 deploy: `pm2 deploy ecosystem.config.js production`
22 error Exit status 1
23 error Failed at the diploma-back@1.0.0 deploy script 'pm2 deploy ecosystem.config.js production'.
23 error Make sure you have the latest version of node.js and npm installed.
23 error If you do, this is most likely a problem with the diploma-back package,
23 error not with npm itself.
23 error Tell the author that this fails on your system:
23 error     pm2 deploy ecosystem.config.js production
23 error You can get information on how to open an issue for this project with:
23 error     npm bugs diploma-back
23 error Or if that isn't available, you can get their info via:
23 error     npm owner ls diploma-back
23 error There is likely additional logging output above.
24 verbose exit [ 1, true ]
